<?xml version="1.0" encoding="UTF-8"?>
<!-- Generated by org.testng.reporters.JUnitReportReporter -->
<testsuite hostname="MeghanaDN-LT" failures="0" tests="1" name="SeleniumPratices.Topice.AuthPopup" time="6.430" errors="0" timestamp="2024-02-02T16:20:29 IST" skipped="0">
  <testcase classname="SeleniumPratices.Topice.AuthPopup" name="popup" time="6.430"/>
  <system-out/>
</testsuite> <!-- SeleniumPratices.Topice.AuthPopup -->
