<?xml version="1.0" encoding="UTF-8"?>
<!-- Generated by org.testng.reporters.JUnitReportReporter -->
<testsuite hostname="MeghanaDN-LT" failures="0" tests="1" name="SeleniumPratices.Topice.dropDown" time="6.496" errors="0" timestamp="2024-01-12T15:42:53 IST" skipped="0">
  <testcase classname="SeleniumPratices.Topice.dropDown" name="dropdownelements" time="6.496"/>
  <system-out/>
</testsuite> <!-- SeleniumPratices.Topice.dropDown -->
