<?xml version="1.0" encoding="UTF-8"?>
<!-- Generated by org.testng.reporters.JUnitReportReporter -->
<testsuite hostname="MeghanaDN-LT" failures="0" tests="1" name="SeleniumPratices.Topice.MultipleDropDownWithGenericMethod" time="7.379" errors="0" timestamp="2024-01-12T16:05:04 IST" skipped="0">
  <testcase classname="SeleniumPratices.Topice.MultipleDropDownWithGenericMethod" name="Multipledropdownelements" time="7.379"/>
  <system-out/>
</testsuite> <!-- SeleniumPratices.Topice.MultipleDropDownWithGenericMethod -->
