<?xml version="1.0" encoding="UTF-8"?>
<!-- Generated by org.testng.reporters.JUnitReportReporter -->
<testsuite hostname="MeghanaDN-LT" failures="0" tests="1" name="SeleniumPratices.Topice.PageNavigation" time="7.526" errors="0" timestamp="2024-01-12T12:47:06 IST" skipped="0">
  <testcase classname="SeleniumPratices.Topice.PageNavigation" name="navigation" time="7.526"/>
  <system-out/>
</testsuite> <!-- SeleniumPratices.Topice.PageNavigation -->
