<?xml version="1.0" encoding="UTF-8"?>
<!-- Generated by org.testng.reporters.JUnitReportReporter -->
<testsuite hostname="MeghanaDN-LT" failures="0" tests="1" name="SeleniumPratices.Topice.webElementIsEnableisdisableisseleted" time="6.032" errors="0" timestamp="2024-01-12T12:31:35 IST" skipped="0">
  <testcase classname="SeleniumPratices.Topice.webElementIsEnableisdisableisseleted" name="EnableDisableSelected" time="6.032"/>
  <system-out/>
</testsuite> <!-- SeleniumPratices.Topice.webElementIsEnableisdisableisseleted -->
