<?xml version="1.0" encoding="UTF-8"?>
<!-- Generated by org.testng.reporters.JUnitReportReporter -->
<testsuite hostname="MeghanaDN-LT" failures="0" tests="1" name="SeleniumPratices.Topice.FileUpload" time="16.819" errors="0" timestamp="2024-01-31T12:37:32 IST" skipped="0">
  <testcase classname="SeleniumPratices.Topice.FileUpload" name="fileupload" time="16.819"/>
  <system-out/>
</testsuite> <!-- SeleniumPratices.Topice.FileUpload -->
