<?xml version="1.0" encoding="UTF-8"?>
<!-- Generated by org.testng.reporters.JUnitReportReporter -->
<testsuite hostname="MeghanaDN-LT" failures="0" tests="1" name="SeleniumPratices.Topice.FindElementandElements" time="5.608" errors="0" timestamp="2024-01-12T13:08:58 IST" skipped="0">
  <testcase classname="SeleniumPratices.Topice.FindElementandElements" name="FindElements" time="5.608"/>
  <system-out/>
</testsuite> <!-- SeleniumPratices.Topice.FindElementandElements -->
