<?xml version="1.0" encoding="UTF-8"?>
<!-- Generated by org.testng.reporters.JUnitReportReporter -->
<testsuite hostname="MeghanaDN-LT" failures="0" tests="1" name="SeleniumPratices.Topice.Cookies" time="3.797" errors="0" timestamp="2024-02-02T13:11:31 IST" skipped="0">
  <testcase classname="SeleniumPratices.Topice.Cookies" name="cookeis" time="3.797"/>
  <system-out/>
</testsuite> <!-- SeleniumPratices.Topice.Cookies -->
