<?xml version="1.0" encoding="UTF-8"?>
<!-- Generated by org.testng.reporters.JUnitReportReporter -->
<testsuite hostname="MeghanaDN-LT" failures="0" tests="1" name="SeleniumPratices.Topice.BaiceUrlBrowser" time="5.805" errors="0" timestamp="2024-01-12T12:03:29 IST" skipped="0">
  <testcase classname="SeleniumPratices.Topice.BaiceUrlBrowser" name="geturl" time="5.805"/>
  <system-out/>
</testsuite> <!-- SeleniumPratices.Topice.BaiceUrlBrowser -->
