<?xml version="1.0" encoding="UTF-8"?>
<!-- Generated by org.testng.reporters.JUnitReportReporter -->
<testsuite hostname="MeghanaDN-LT" failures="0" tests="1" name="SeleniumPratices.Topice.Permissionpopups" time="5.088" errors="0" timestamp="2024-02-02T16:25:53 IST" skipped="0">
  <testcase classname="SeleniumPratices.Topice.Permissionpopups" name="permissiopopup" time="5.088"/>
  <system-out/>
</testsuite> <!-- SeleniumPratices.Topice.Permissionpopups -->
