<?xml version="1.0" encoding="UTF-8"?>
<!-- Generated by org.testng.reporters.JUnitReportReporter -->
<testsuite hostname="MeghanaDN-LT" failures="0" tests="1" name="SeleniumPratices.Topice.DataBaseconnection" time="0.576" errors="0" timestamp="2024-02-14T12:52:54 IST" skipped="0">
  <testcase classname="SeleniumPratices.Topice.DataBaseconnection" name="databaseconnection" time="0.576"/>
  <system-out/>
</testsuite> <!-- SeleniumPratices.Topice.DataBaseconnection -->
